<?xml version="1.0" encoding="UTF-8"?>
<testng-results ignored="0" total="1" passed="1" failed="0" skipped="0">
  <reporter-output>
  </reporter-output>
  <suite started-at="2021-07-31T00:25:15 IST" name="Default suite" finished-at="2021-07-31T00:25:54 IST" duration-ms="38385">
    <groups>
    </groups>
    <test started-at="2021-07-31T00:25:15 IST" name="Default test" finished-at="2021-07-31T00:25:54 IST" duration-ms="38385">
      <class name="com.trifacta.Tests.LoginTest">
        <test-method is-config="true" signature="beforeSuite()[pri:0, instance:com.trifacta.Tests.LoginTest@66d3eec0]" started-at="2021-07-31T00:25:11 IST" name="beforeSuite" finished-at="2021-07-31T00:25:15 IST" duration-ms="3967" status="PASS">
          <reporter-output>
          </reporter-output>
        </test-method> <!-- beforeSuite -->
        <test-method signature="LoginTest()[pri:0, instance:com.trifacta.Tests.LoginTest@66d3eec0]" started-at="2021-07-31T00:25:15 IST" name="LoginTest" finished-at="2021-07-31T00:25:54 IST" duration-ms="38347" status="PASS">
          <reporter-output>
          </reporter-output>
        </test-method> <!-- LoginTest -->
        <test-method is-config="true" signature="afterSuite()[pri:0, instance:com.trifacta.Tests.LoginTest@66d3eec0]" started-at="2021-07-31T00:25:54 IST" name="afterSuite" finished-at="2021-07-31T00:25:55 IST" duration-ms="1016" status="PASS">
          <reporter-output>
          </reporter-output>
        </test-method> <!-- afterSuite -->
      </class> <!-- com.trifacta.Tests.LoginTest -->
    </test> <!-- Default test -->
  </suite> <!-- Default suite -->
</testng-results>
